
info - 09-Aug-2022 13:55:00: Server Started Successfully


info - 09-Aug-2022 23:32:41: Server Started Successfully


info - 09-Aug-2022 23:34:09: Server Started Successfully


info - 09-Aug-2022 23:35:03: Server Started Successfully


info - 09-Aug-2022 23:35:09: Server Started on Port undefined


info - 09-Aug-2022 23:35:45: Server Started on Port 3002


info - 09-Aug-2022 23:36:58: Server Started on Port 3002


info - 09-Aug-2022 23:45:15: Server Started on Port 3002


info - 09-Aug-2022 23:47:19: Server Started on Port 3002


info - 09-Aug-2022 23:51:33: Server Started on Port 3002


info - 09-Aug-2022 23:53:07: Server Started on Port 3002


info - 09-Aug-2022 23:53:54: Server Started on Port 3002


info - 09-Aug-2022 23:56:19: Server Started on Port 3002


info - 09-Aug-2022 23:57:12: Server Started on Port 3002


info - 09-Aug-2022 23:57:58: Server Started on Port 3002


info - 09-Aug-2022 23:59:04: Server Started on Port 3002


info - 10-Aug-2022 00:00:56: Server Started on Port 3002


info - 10-Aug-2022 00:04:07: Server Started on Port 3002


info - 10-Aug-2022 00:26:29: Server Started on Port 3002


info - 10-Aug-2022 00:27:30: Server Started on Port 3002


info - 10-Aug-2022 00:32:28: Server Started on Port 3002


info - 10-Aug-2022 00:42:36: Server Started on Port 3002


info - 10-Aug-2022 00:44:34: Server Started on Port 3002


info - 10-Aug-2022 00:44:38: Server Started on Port 3002


error - 10-Aug-2022 00:44:42: ER_NOT_SUPPORTED_AUTH_MODE: Client does not support authentication protocol requested by server; consider upgrading MySQL client


info - 10-Aug-2022 00:48:22: Server Started on Port 3002


error - 10-Aug-2022 00:48:22: ER_NOT_SUPPORTED_AUTH_MODE: Client does not support authentication protocol requested by server; consider upgrading MySQL client


info - 10-Aug-2022 00:53:54: Server Started on Port 3002


error - 10-Aug-2022 00:53:54: ER_NOT_SUPPORTED_AUTH_MODE: Client does not support authentication protocol requested by server; consider upgrading MySQL client


info - 10-Aug-2022 00:54:20: Server Started on Port 3002


error - 10-Aug-2022 00:54:21: ER_NOT_SUPPORTED_AUTH_MODE: Client does not support authentication protocol requested by server; consider upgrading MySQL client


info - 10-Aug-2022 01:18:54: Server Started on Port 3002


error - 10-Aug-2022 01:18:55: ER_NOT_SUPPORTED_AUTH_MODE: Client does not support authentication protocol requested by server; consider upgrading MySQL client


info - 10-Aug-2022 01:22:36: Server Started on Port 3002


error - 10-Aug-2022 01:22:36: ER_NOT_SUPPORTED_AUTH_MODE: Client does not support authentication protocol requested by server; consider upgrading MySQL client


info - 10-Aug-2022 01:24:23: Server Started on Port 3002


error - 10-Aug-2022 01:24:23: ER_NOT_SUPPORTED_AUTH_MODE: Client does not support authentication protocol requested by server; consider upgrading MySQL client


info - 10-Aug-2022 01:27:10: Server Started on Port 3002


error - 10-Aug-2022 01:27:10: ER_NOT_SUPPORTED_AUTH_MODE: Client does not support authentication protocol requested by server; consider upgrading MySQL client


info - 10-Aug-2022 01:30:16: Server Started on Port 3002


error - 10-Aug-2022 01:30:16: ER_NOT_SUPPORTED_AUTH_MODE: Client does not support authentication protocol requested by server; consider upgrading MySQL client


info - 10-Aug-2022 01:32:54: Server Started on Port 3002


error - 10-Aug-2022 01:32:54: ER_NOT_SUPPORTED_AUTH_MODE: Client does not support authentication protocol requested by server; consider upgrading MySQL client


info - 10-Aug-2022 01:33:35: Server Started on Port 3002


error - 10-Aug-2022 01:33:35: ER_NOT_SUPPORTED_AUTH_MODE: Client does not support authentication protocol requested by server; consider upgrading MySQL client


info - 10-Aug-2022 01:42:36: Server Started on Port 3002


error - 10-Aug-2022 01:42:37: Access denied for user ''@'localhost' (using password: YES)


info - 10-Aug-2022 02:02:11: Server Started on Port 3002


error - 10-Aug-2022 02:02:11: Access denied for user ''@'localhost' (using password: YES)


info - 10-Aug-2022 02:02:36: Server Started on Port 3002


error - 10-Aug-2022 02:02:36: Access denied for user ''@'localhost' (using password: YES)


info - 10-Aug-2022 02:03:45: Server Started on Port 3002


error - 10-Aug-2022 02:03:46: Access denied for user ''@'localhost' (using password: YES)


info - 10-Aug-2022 02:06:30: Server Started on Port 3002


info - 10-Aug-2022 02:06:30: Mysql Connection Established


info - 10-Aug-2022 02:07:51: Server Started on Port 3002


info - 10-Aug-2022 02:08:00: Mysql Connection Established


info - 10-Aug-2022 02:09:56: Server Started on Port 3002


info - 10-Aug-2022 02:10:00: Mysql Connection Established


info - 10-Aug-2022 02:10:23: Server Started on Port 3002


info - 10-Aug-2022 02:10:55: Mysql Connection Established


info - 10-Aug-2022 02:11:43: Server Started on Port 3002


info - 10-Aug-2022 02:12:29: Server Started on Port 3002


info - 10-Aug-2022 02:12:36: Mysql Connection Established


info - 10-Aug-2022 02:12:47: Mysql Connection Established


info - 10-Aug-2022 02:13:19: Mysql Connection Established


info - 10-Aug-2022 02:13:41: Server Started on Port 3002


info - 10-Aug-2022 02:14:09: Server Started on Port 3002


info - 10-Aug-2022 02:14:13: Mysql Connection Established


info - 10-Aug-2022 02:15:28: Server Started on Port 3002


info - 10-Aug-2022 02:15:36: Server Started on Port 3002


info - 10-Aug-2022 02:41:07: Server Started on Port 3002


info - 10-Aug-2022 02:52:34: Server Started on Port 3002


info - 10-Aug-2022 02:57:13: Server Started on Port 3002


info - 10-Aug-2022 02:58:19: Server Started on Port 3002


info - 10-Aug-2022 02:58:23: Server Started on Port 3002


info - 10-Aug-2022 02:59:00: Server Started on Port 3002


info - 10-Aug-2022 02:59:12: Server Started on Port 3002


info - 10-Aug-2022 02:59:17: Mysql Connection Established


info - 10-Aug-2022 02:59:56: Server Started on Port 3002


info - 10-Aug-2022 03:00:00: Mysql Connection Established


info - 10-Aug-2022 03:02:34: Server Started on Port 3002


info - 10-Aug-2022 03:02:37: Mysql Connection Established


info - 10-Aug-2022 03:06:49: Server Started on Port 3002


info - 10-Aug-2022 10:09:25: Server Started on Port 3002


info - 10-Aug-2022 10:10:38: Server Started on Port 3002


info - 10-Aug-2022 10:10:48: Server Started on Port 3002


error - 10-Aug-2022 10:21:03: Bind parameters must not contain undefined. To pass SQL NULL specify JS null


error - 10-Aug-2022 10:22:57: MYSQL QUERY ERROR TypeError: Bind parameters must not contain undefined. To pass SQL NULL specify JS null


error - 10-Aug-2022 10:24:04: MYSQL QUERY ERROR TypeError: Bind parameters must not contain undefined. To pass SQL NULL specify JS null


error - 10-Aug-2022 10:24:57: MYSQL QUERY ERROR TypeError: Bind parameters must not contain undefined. To pass SQL NULL specify JS null

